<?xml version="1.0" encoding="UTF-8"?>
<robot generator="Robot 4.1 (Python 3.9.6 on win32)" generated="20210819 21:08:07.362" rpa="false" schemaversion="2">
<suite id="s1" name="Features" source="C:\Users\mmandre\TreinamentoAvancado\AutomationWebRobotFramework\test\features">
<suite id="s1-s1" name="Login" source="C:\Users\mmandre\TreinamentoAvancado\AutomationWebRobotFramework\test\features\login.robot">
<test id="s1-s1-t1" name="Cenario: Login com credenciais inválidas">
<kw name="Abrir sessão" library="setup" type="SETUP">
<kw name="Open Browser" library="SeleniumLibrary">
<arg>${CONFIG.URL}</arg>
<arg>${CONFIG.NAVEGADOR}</arg>
<doc>Opens a new browser instance to the optional ``url``.</doc>
<msg timestamp="20210819 21:08:08.010" level="INFO">Opening browser 'headlesschrome' to base url 'http://automationpractice.com/index.php'.</msg>
<status status="PASS" starttime="20210819 21:08:08.009" endtime="20210819 21:08:12.269"/>
</kw>
<kw name="Set Selenium Timeout" library="SeleniumLibrary">
<arg>${CONFIG.TIMEOUT}</arg>
<doc>Sets the timeout that is used by various keywords.</doc>
<status status="PASS" starttime="20210819 21:08:12.270" endtime="20210819 21:08:12.271"/>
</kw>
<kw name="Maximize Browser Window" library="SeleniumLibrary">
<doc>Maximizes current browser window.</doc>
<status status="PASS" starttime="20210819 21:08:12.271" endtime="20210819 21:08:12.385"/>
</kw>
<status status="PASS" starttime="20210819 21:08:08.008" endtime="20210819 21:08:12.385"/>
</kw>
<kw name="Dado que o cliente esteja na tela inicial da aplicação" library="home_kws">
<kw name="Wait Until Element Is Visible" library="SeleniumLibrary">
<arg>${HOME.BOTAO_SIGNIN}</arg>
<doc>Waits until the element ``locator`` is visible.</doc>
<status status="PASS" starttime="20210819 21:08:12.386" endtime="20210819 21:08:12.413"/>
</kw>
<status status="PASS" starttime="20210819 21:08:12.386" endtime="20210819 21:08:12.414"/>
</kw>
<kw name="E acessar a tela de login" library="home_kws">
<kw name="Wait Until Element Is Visible" library="SeleniumLibrary">
<arg>${HOME.BOTAO_SIGNIN}</arg>
<doc>Waits until the element ``locator`` is visible.</doc>
<status status="PASS" starttime="20210819 21:08:12.415" endtime="20210819 21:08:12.438"/>
</kw>
<kw name="Click Element" library="SeleniumLibrary">
<arg>${HOME.BOTAO_SIGNIN}</arg>
<doc>Click the element identified by ``locator``.</doc>
<msg timestamp="20210819 21:08:12.439" level="INFO">Clicking element '//a[@class='login']'.</msg>
<status status="PASS" starttime="20210819 21:08:12.438" endtime="20210819 21:08:13.896"/>
</kw>
<status status="PASS" starttime="20210819 21:08:12.414" endtime="20210819 21:08:13.896"/>
</kw>
<kw name="Quando inserir os dados de login" library="login_kws">
<arg>${MASSA_DADOS.LOGIN_INVALIDO.EMAIL}</arg>
<arg>${MASSA_DADOS.LOGIN_INVALIDO.SENHA}</arg>
<kw name="Wait Until Element Is Visible" library="SeleniumLibrary">
<arg>${LOGIN.INPUT_EMAIL}</arg>
<doc>Waits until the element ``locator`` is visible.</doc>
<status status="PASS" starttime="20210819 21:08:13.899" endtime="20210819 21:08:14.362"/>
</kw>
<kw name="Input Text" library="SeleniumLibrary">
<arg>${LOGIN.INPUT_EMAIL}</arg>
<arg>${EMAIL}</arg>
<doc>Types the given ``text`` into the text field identified by ``locator``.</doc>
<msg timestamp="20210819 21:08:14.364" level="INFO">Typing text 'fernando@ovooovo.com' into text field '//input[@id='email']'.</msg>
<status status="PASS" starttime="20210819 21:08:14.363" endtime="20210819 21:08:14.443"/>
</kw>
<kw name="Input Text" library="SeleniumLibrary">
<arg>${LOGIN.INPUT_SENHA}</arg>
<arg>${SENHA}</arg>
<doc>Types the given ``text`` into the text field identified by ``locator``.</doc>
<msg timestamp="20210819 21:08:14.444" level="INFO">Typing text 'Teste@1234' into text field '//input[@id='passwd']'.</msg>
<status status="PASS" starttime="20210819 21:08:14.443" endtime="20210819 21:08:14.530"/>
</kw>
<status status="PASS" starttime="20210819 21:08:13.897" endtime="20210819 21:08:14.530"/>
</kw>
<kw name="E clicar no elemento" library="comum_kws">
<arg>${LOGIN.BOTAO_SIGNIN}</arg>
<kw name="Wait Until Element Is Visible" library="SeleniumLibrary">
<arg>${ELEMENTO}</arg>
<doc>Waits until the element ``locator`` is visible.</doc>
<status status="PASS" starttime="20210819 21:08:14.532" endtime="20210819 21:08:14.554"/>
</kw>
<kw name="Click Element" library="SeleniumLibrary">
<arg>${ELEMENTO}</arg>
<doc>Click the element identified by ``locator``.</doc>
<msg timestamp="20210819 21:08:14.555" level="INFO">Clicking element 'SubmitLogin'.</msg>
<status status="PASS" starttime="20210819 21:08:14.554" endtime="20210819 21:08:15.381"/>
</kw>
<status status="PASS" starttime="20210819 21:08:14.531" endtime="20210819 21:08:15.381"/>
</kw>
<kw name="Então deve visualizar a mensagem" library="comum_kws">
<arg>${LOGIN.TEXTO_ERRO}</arg>
<arg>${MENSAGENS.LOGIN.AUTHENTICATION_FAILED}</arg>
<kw name="Wait Until Element Is Visible" library="SeleniumLibrary">
<arg>${ELEMENTO}</arg>
<doc>Waits until the element ``locator`` is visible.</doc>
<status status="PASS" starttime="20210819 21:08:15.383" endtime="20210819 21:08:15.404"/>
</kw>
<kw name="Get Text" library="SeleniumLibrary">
<var>${MENSAGEM_ATUAL}</var>
<arg>${ELEMENTO}</arg>
<doc>Returns the text value of the element identified by ``locator``.</doc>
<msg timestamp="20210819 21:08:15.423" level="INFO">${MENSAGEM_ATUAL} = Authentication failed.</msg>
<status status="PASS" starttime="20210819 21:08:15.404" endtime="20210819 21:08:15.424"/>
</kw>
<kw name="Should Be Equal" library="BuiltIn">
<arg>${MENSAGEM_ATUAL}</arg>
<arg>${MENSAGEM_ESPERADA}</arg>
<doc>Fails if the given objects are unequal.</doc>
<status status="PASS" starttime="20210819 21:08:15.424" endtime="20210819 21:08:15.424"/>
</kw>
<status status="PASS" starttime="20210819 21:08:15.381" endtime="20210819 21:08:15.424"/>
</kw>
<kw name="Encerrar sessão" library="setup" type="TEARDOWN">
<kw name="Capture Page Screenshot" library="SeleniumLibrary">
<doc>Takes a screenshot of the current page and embeds it into a log file.</doc>
<msg timestamp="20210819 21:08:15.486" level="INFO" html="true">&lt;/td&gt;&lt;/tr&gt;&lt;tr&gt;&lt;td colspan="3"&gt;&lt;a href="selenium-screenshot-23.png"&gt;&lt;img src="selenium-screenshot-23.png" width="800px"&gt;&lt;/a&gt;</msg>
<status status="PASS" starttime="20210819 21:08:15.425" endtime="20210819 21:08:15.486"/>
</kw>
<kw name="Close Browser" library="SeleniumLibrary">
<doc>Closes the current browser.</doc>
<status status="PASS" starttime="20210819 21:08:15.487" endtime="20210819 21:08:17.572"/>
</kw>
<status status="PASS" starttime="20210819 21:08:15.425" endtime="20210819 21:08:17.573"/>
</kw>
<tag>LOGIN</tag>
<tag>NEGATIVO</tag>
<status status="PASS" starttime="20210819 21:08:08.007" endtime="20210819 21:08:17.573"/>
</test>
<doc>Cenários de testes relacionado ao login da aplicação.</doc>
<status status="PASS" starttime="20210819 21:08:07.389" endtime="20210819 21:08:17.576"/>
</suite>
<status status="PASS" starttime="20210819 21:08:07.365" endtime="20210819 21:08:17.581"/>
</suite>
<statistics>
<total>
<stat pass="1" fail="0" skip="0">All Tests</stat>
</total>
<tag>
<stat pass="1" fail="0" skip="0">LOGIN</stat>
<stat pass="1" fail="0" skip="0">NEGATIVO</stat>
</tag>
<suite>
<stat pass="1" fail="0" skip="0" id="s1" name="Features">Features</stat>
<stat pass="1" fail="0" skip="0" id="s1-s1" name="Login">Features.Login</stat>
</suite>
</statistics>
<errors>
<msg timestamp="20210819 21:08:07.995" level="WARN">Imported resource file 'C:\Users\mmandre\TreinamentoAvancado\AutomationWebRobotFramework\src\auto\keywords\cadastro_kws.robot' is empty.</msg>
</errors>
</robot>
